0
--------------+--------------+--------------
 |__  __  __  |  __  __  __  |  __  8   __  |  
 |__  __  __  |  __  9   __  |  __  __  __  |  
 |1   __  __  |  __  __  4   |  __  __  __  |  
--------------+--------------+--------------
 |__  __  __  |  __  __  __  |  __  5   __  |  
 |__  __  2   |  5   7   6   |  1   __  __  |  
 |__  8   __  |  __  __  9   |  __  __  2   |  
--------------+--------------+--------------
 |__  __  4   |  8   1   7   |  __  2   3   |  
 |8   1   3   |  9   6   2   |  5   7   4   |  
 |2   __  7   |  4   5   3   |  __  __  __  |  
--------------+--------------+--------------

10
[[0, 0, 0, 0, 0, 0, 0, 8, 0], [0, 0, 0, 0, 9, 0, 0, 0, 0], [1, 0, 0, 0, 0, 4, 0, 0, 0], [0, 0, 0, 0, 0, 0, 0, 5, 0], [0, 0, 2, 5, 7, 6, 1, 0, 0], [0, 8, 0, 0, 0, 9, 0, 0, 2], [0, 0, 4, 8, 1, 7, 0, 2, 3], [8, 0, 3, 0, 0, 2, 5, 7, 4], [2, 0, 7, 0, 5, 0, 0, 0, 0]]
--------------+--------------+--------------
 |6   2   9   |  7   3   1   |  4   8   5   |  
 |7   4   8   |  2   9   5   |  3   6   1   |  
 |1   3   5   |  6   8   4   |  2   9   7   |  
--------------+--------------+--------------
 |4   7   1   |  3   2   8   |  9   5   6   |  
 |3   9   2   |  5   7   6   |  1   4   8   |  
 |5   8   6   |  1   4   9   |  7   3   2   |  
--------------+--------------+--------------
 |9   5   4   |  8   1   7   |  6   2   3   |  
 |8   1   3   |  9   6   2   |  5   7   4   |  
 |2   6   7   |  4   5   3   |  8   1   9   |  
--------------+--------------+--------------

